🧪 RSS Reader Test Suite
========================

🔬 Running core tests...
============================= test session starts ==============================
platform linux -- Python 3.11.2, pytest-8.4.2, pluggy-1.6.0 -- /home/kuitang/git/rss-reader-highlight/venv/bin/python
cachedir: .pytest_cache
rootdir: /home/kuitang/git/rss-reader-highlight
configfile: pytest.ini
plugins: anyio-4.10.0, asyncio-1.1.0, httpx-0.35.0, xdist-3.8.0
asyncio: mode=Mode.AUTO, asyncio_default_fixture_loop_scope=None, asyncio_default_test_loop_scope=function
created: 8/8 workers
8 workers [48 items]

scheduling tests via LoadFileScheduling

tests/core/test_image_extraction.py::TestImageExtraction::test_combined_images_and_text 
tests/core/test_essential_mocks.py::TestNetworkErrorScenarios::test_connection_timeout_handling 
tests/core/test_html_sanitization.py::TestHtmlSanitization::test_edge_cases 
tests/core/test_smart_truncate_html.py::TestSmartTruncateHtml::test_markdown_image_conversion 
tests/core/test_background_worker_integration.py::TestBackgroundWorkerIntegration::test_concurrent_feed_processing_with_deduplication 
tests/core/test_item_not_found_diagnostics.py::TestItemNotFoundDiagnostics::test_item_not_found_diagnostic_generation 
tests/core/test_direct_functions.py::TestDatabaseOperations::test_complete_user_workflow_database_operations 
tests/core/test_feed_item_id_stability.py::test_item_id_stable_on_update 
[gw0] [  2%] PASSED tests/core/test_image_extraction.py::TestImageExtraction::test_combined_images_and_text 
tests/core/test_image_extraction.py::TestImageExtraction::test_empty_image_tag 
[gw0] [  4%] PASSED tests/core/test_image_extraction.py::TestImageExtraction::test_empty_image_tag 
tests/core/test_image_extraction.py::TestImageExtraction::test_extract_multiple_images_from_html 
[gw0] [  6%] PASSED tests/core/test_image_extraction.py::TestImageExtraction::test_extract_multiple_images_from_html 
tests/core/test_image_extraction.py::TestImageExtraction::test_extract_single_image_from_html 
[gw2] [  8%] PASSED tests/core/test_essential_mocks.py::TestNetworkErrorScenarios::test_connection_timeout_handling 
[gw0] [ 10%] PASSED tests/core/test_image_extraction.py::TestImageExtraction::test_extract_single_image_from_html 
tests/core/test_essential_mocks.py::TestNetworkErrorScenarios::test_http_error_codes_handling 
tests/core/test_image_extraction.py::TestImageExtraction::test_fallback_when_no_text_only_images 
[gw0] [ 12%] PASSED tests/core/test_image_extraction.py::TestImageExtraction::test_fallback_when_no_text_only_images 
tests/core/test_image_extraction.py::TestImageExtraction::test_figure_with_figcaption 
[gw2] [ 14%] PASSED tests/core/test_essential_mocks.py::TestNetworkErrorScenarios::test_http_error_codes_handling 
tests/core/test_essential_mocks.py::TestNetworkErrorScenarios::test_malformed_response_handling 
[gw0] [ 16%] PASSED tests/core/test_image_extraction.py::TestImageExtraction::test_figure_with_figcaption 
tests/core/test_image_extraction.py::TestImageExtraction::test_image_markdown_in_app_display 
[gw2] [ 18%] PASSED tests/core/test_essential_mocks.py::TestNetworkErrorScenarios::test_malformed_response_handling 
tests/core/test_essential_mocks.py::TestDatabaseConstraintScenarios::test_foreign_key_constraint_handling 
[gw0] [ 20%] PASSED tests/core/test_image_extraction.py::TestImageExtraction::test_image_markdown_in_app_display 
tests/core/test_image_extraction.py::TestImageExtraction::test_image_with_title_attribute 
[gw0] [ 22%] PASSED tests/core/test_image_extraction.py::TestImageExtraction::test_image_with_title_attribute 
tests/core/test_image_extraction.py::TestImageExtraction::test_image_without_alt_text 
[gw0] [ 25%] PASSED tests/core/test_image_extraction.py::TestImageExtraction::test_image_without_alt_text 
tests/core/test_image_extraction.py::TestImageExtraction::test_real_rss_feed_with_image 
[gw0] [ 27%] PASSED tests/core/test_image_extraction.py::TestImageExtraction::test_real_rss_feed_with_image 
tests/core/test_image_extraction.py::TestImageExtraction::test_reddit_style_thumbnail 
[gw0] [ 29%] PASSED tests/core/test_image_extraction.py::TestImageExtraction::test_reddit_style_thumbnail 
[gw2] [ 31%] PASSED tests/core/test_essential_mocks.py::TestDatabaseConstraintScenarios::test_foreign_key_constraint_handling 
tests/core/test_essential_mocks.py::TestDatabaseConstraintScenarios::test_transaction_rollback_on_error 
[gw6] [ 33%] PASSED tests/core/test_feed_item_id_stability.py::test_item_id_stable_on_update 
[gw2] [ 35%] PASSED tests/core/test_essential_mocks.py::TestDatabaseConstraintScenarios::test_transaction_rollback_on_error 
tests/core/test_essential_mocks.py::TestDateParsingEdgeCases::test_invalid_date_formats 
[gw2] [ 37%] PASSED tests/core/test_essential_mocks.py::TestDateParsingEdgeCases::test_invalid_date_formats 
tests/core/test_essential_mocks.py::TestDateParsingEdgeCases::test_timezone_handling_edge_cases 
[gw2] [ 39%] PASSED tests/core/test_essential_mocks.py::TestDateParsingEdgeCases::test_timezone_handling_edge_cases 
tests/core/test_essential_mocks.py::TestFeedParsingEdgeCases::test_feed_should_never_be_added_if_parsing_fails 
[gw5] [ 41%] PASSED tests/core/test_html_sanitization.py::TestHtmlSanitization::test_edge_cases 
tests/core/test_html_sanitization.py::TestHtmlSanitization::test_feed_parser_integration 
[gw5] [ 43%] PASSED tests/core/test_html_sanitization.py::TestHtmlSanitization::test_feed_parser_integration 
tests/core/test_html_sanitization.py::TestHtmlSanitization::test_item_detail_view_rendering 
[gw5] [ 45%] PASSED tests/core/test_html_sanitization.py::TestHtmlSanitization::test_item_detail_view_rendering 
tests/core/test_html_sanitization.py::TestHtmlSanitization::test_markdown_rendering_safety 
[gw5] [ 47%] PASSED tests/core/test_html_sanitization.py::TestHtmlSanitization::test_markdown_rendering_safety 
tests/core/test_html_sanitization.py::TestHtmlSanitization::test_trafilatura_sanitization 
[gw5] [ 50%] PASSED tests/core/test_html_sanitization.py::TestHtmlSanitization::test_trafilatura_sanitization 
[gw3] [ 52%] PASSED tests/core/test_item_not_found_diagnostics.py::TestItemNotFoundDiagnostics::test_item_not_found_diagnostic_generation 
tests/core/test_item_not_found_diagnostics.py::TestItemNotFoundDiagnostics::test_read_toggle_diagnostic_queries 
[gw2] [ 54%] PASSED tests/core/test_essential_mocks.py::TestFeedParsingEdgeCases::test_feed_should_never_be_added_if_parsing_fails 
tests/core/test_essential_mocks.py::TestFeedParsingEdgeCases::test_missing_required_fields 
[gw7] [ 56%] PASSED tests/core/test_direct_functions.py::TestDatabaseOperations::test_complete_user_workflow_database_operations 
tests/core/test_direct_functions.py::TestUtilityFunctions::test_human_time_diff_comprehensive 
[gw7] [ 58%] PASSED tests/core/test_direct_functions.py::TestUtilityFunctions::test_human_time_diff_comprehensive 
tests/core/test_direct_functions.py::TestFeedManagementLogic::test_feed_update_logic 
[gw3] [ 60%] PASSED tests/core/test_item_not_found_diagnostics.py::TestItemNotFoundDiagnostics::test_read_toggle_diagnostic_queries 
tests/core/test_item_not_found_diagnostics.py::TestItemNotFoundDiagnostics::test_diagnostic_html_structure_components 
[gw7] [ 62%] PASSED tests/core/test_direct_functions.py::TestFeedManagementLogic::test_feed_update_logic 
tests/core/test_direct_functions.py::TestFeedManagementLogic::test_pagination_item_slicing 
[gw4] [ 64%] PASSED tests/core/test_smart_truncate_html.py::TestSmartTruncateHtml::test_markdown_image_conversion 
tests/core/test_smart_truncate_html.py::TestSmartTruncateHtml::test_image_with_text_truncation 
[gw4] [ 66%] PASSED tests/core/test_smart_truncate_html.py::TestSmartTruncateHtml::test_image_with_text_truncation 
tests/core/test_smart_truncate_html.py::TestSmartTruncateHtml::test_multiple_images_preservation 
[gw4] [ 68%] PASSED tests/core/test_smart_truncate_html.py::TestSmartTruncateHtml::test_multiple_images_preservation 
tests/core/test_smart_truncate_html.py::TestSmartTruncateHtml::test_text_only_truncation 
[gw4] [ 70%] PASSED tests/core/test_smart_truncate_html.py::TestSmartTruncateHtml::test_text_only_truncation 
tests/core/test_smart_truncate_html.py::TestSmartTruncateHtml::test_empty_and_none_input 
[gw4] [ 72%] PASSED tests/core/test_smart_truncate_html.py::TestSmartTruncateHtml::test_empty_and_none_input 
tests/core/test_smart_truncate_html.py::TestSmartTruncateHtml::test_visible_text_counting 
[gw4] [ 75%] PASSED tests/core/test_smart_truncate_html.py::TestSmartTruncateHtml::test_visible_text_counting 
[gw2] [ 77%] PASSED tests/core/test_essential_mocks.py::TestFeedParsingEdgeCases::test_missing_required_fields 
[gw3] [ 79%] PASSED tests/core/test_item_not_found_diagnostics.py::TestItemNotFoundDiagnostics::test_diagnostic_html_structure_components 
tests/core/test_item_not_found_diagnostics.py::TestItemNotFoundDiagnostics::test_toggle_read_function_behavior 
[gw3] [ 81%] PASSED tests/core/test_item_not_found_diagnostics.py::TestItemNotFoundDiagnostics::test_toggle_read_function_behavior 
tests/core/test_item_not_found_diagnostics.py::TestItemNotFoundDiagnostics::test_get_item_for_user_behavior 
[gw3] [ 83%] PASSED tests/core/test_item_not_found_diagnostics.py::TestItemNotFoundDiagnostics::test_get_item_for_user_behavior 
tests/core/test_item_not_found_diagnostics.py::TestItemNotFoundDiagnostics::test_diagnostic_queries_with_valid_session_no_item 
[gw3] [ 85%] PASSED tests/core/test_item_not_found_diagnostics.py::TestItemNotFoundDiagnostics::test_diagnostic_queries_with_valid_session_no_item 
[gw7] [ 87%] PASSED tests/core/test_direct_functions.py::TestFeedManagementLogic::test_pagination_item_slicing 
[gw1] [ 89%] PASSED tests/core/test_background_worker_integration.py::TestBackgroundWorkerIntegration::test_concurrent_feed_processing_with_deduplication 
tests/core/test_background_worker_integration.py::TestBackgroundWorkerIntegration::test_user_request_triggers_background_updates 
[gw1] [ 91%] PASSED tests/core/test_background_worker_integration.py::TestBackgroundWorkerIntegration::test_user_request_triggers_background_updates 
tests/core/test_background_worker_integration.py::TestBackgroundWorkerIntegration::test_domain_rate_limiting_enforcement 
[gw1] [ 93%] PASSED tests/core/test_background_worker_integration.py::TestBackgroundWorkerIntegration::test_domain_rate_limiting_enforcement 
tests/core/test_background_worker_integration.py::TestBackgroundWorkerIntegration::test_worker_restart_recovery 
[gw1] [ 95%] PASSED tests/core/test_background_worker_integration.py::TestBackgroundWorkerIntegration::test_worker_restart_recovery 
tests/core/test_background_worker_integration.py::TestBackgroundWorkerIntegration::test_database_integrity_under_concurrent_writes 
[gw1] [ 97%] PASSED tests/core/test_background_worker_integration.py::TestBackgroundWorkerIntegration::test_database_integrity_under_concurrent_writes 
tests/core/test_background_worker_integration.py::TestBackgroundWorkerIntegration::test_ui_status_indicator_accuracy 
[gw1] [100%] PASSED tests/core/test_background_worker_integration.py::TestBackgroundWorkerIntegration::test_ui_status_indicator_accuracy 

======================== 48 passed in 60.60s (0:01:00) =========================

🔗 Running integration tests...
============================= test session starts ==============================
platform linux -- Python 3.11.2, pytest-8.4.2, pluggy-1.6.0 -- /home/kuitang/git/rss-reader-highlight/venv/bin/python
cachedir: .pytest_cache
rootdir: /home/kuitang/git/rss-reader-highlight
configfile: pytest.ini
plugins: anyio-4.10.0, asyncio-1.1.0, httpx-0.35.0, xdist-3.8.0
asyncio: mode=Mode.AUTO, asyncio_default_fixture_loop_scope=None, asyncio_default_test_loop_scope=function
created: 8/8 workers
8 workers [15 items]

scheduling tests via LoadFileScheduling

tests/integration/test_application_startup.py::TestApplicationStartup::test_normal_mode_startup_and_feeds 
tests/integration/test_optimized_integration.py::test_server 
[gw1] [  6%] PASSED tests/integration/test_optimized_integration.py::test_server 
tests/integration/test_optimized_integration.py::TestCriticalHTTPWorkflows::test_fresh_start_complete_flow 
[gw1] [ 13%] PASSED tests/integration/test_optimized_integration.py::TestCriticalHTTPWorkflows::test_fresh_start_complete_flow 
tests/integration/test_optimized_integration.py::TestCriticalHTTPWorkflows::test_session_persistence_across_requests 
[gw0] [ 20%] PASSED tests/integration/test_application_startup.py::TestApplicationStartup::test_normal_mode_startup_and_feeds 
tests/integration/test_application_startup.py::TestApplicationStartup::test_minimal_mode_startup_and_feeds 
[gw0] [ 26%] PASSED tests/integration/test_application_startup.py::TestApplicationStartup::test_minimal_mode_startup_and_feeds 
tests/integration/test_application_startup.py::TestApplicationStartup::test_both_modes_serve_different_content 
[gw1] [ 33%] PASSED tests/integration/test_optimized_integration.py::TestCriticalHTTPWorkflows::test_session_persistence_across_requests 
tests/integration/test_optimized_integration.py::TestCriticalHTTPWorkflows::test_form_parameter_mapping_via_http 
[gw1] [ 40%] PASSED tests/integration/test_optimized_integration.py::TestCriticalHTTPWorkflows::test_form_parameter_mapping_via_http 
tests/integration/test_optimized_integration.py::TestCriticalHTTPWorkflows::test_pagination_with_complex_parameters 
[gw1] [ 46%] PASSED tests/integration/test_optimized_integration.py::TestCriticalHTTPWorkflows::test_pagination_with_complex_parameters 
tests/integration/test_optimized_integration.py::TestCriticalHTTPWorkflows::test_article_reading_state_via_http 
[gw1] [ 53%] PASSED tests/integration/test_optimized_integration.py::TestCriticalHTTPWorkflows::test_article_reading_state_via_http 
tests/integration/test_optimized_integration.py::TestCriticalHTTPWorkflows::test_no_untitled_feeds_error_detection 
[gw0] [ 60%] PASSED tests/integration/test_application_startup.py::TestApplicationStartup::test_both_modes_serve_different_content 
tests/integration/test_application_startup.py::TestApplicationStartup::test_database_isolation 
[gw0] [ 66%] PASSED tests/integration/test_application_startup.py::TestApplicationStartup::test_database_isolation 
tests/integration/test_application_startup.py::TestApplicationStartup::test_fresh_start_complete_flow 
[gw0] [ 73%] PASSED tests/integration/test_application_startup.py::TestApplicationStartup::test_fresh_start_complete_flow 
tests/integration/test_application_startup.py::TestApplicationStartup::test_session_persistence_across_requests 
[gw1] [ 80%] PASSED tests/integration/test_optimized_integration.py::TestCriticalHTTPWorkflows::test_no_untitled_feeds_error_detection 
[gw0] [ 86%] PASSED tests/integration/test_application_startup.py::TestApplicationStartup::test_session_persistence_across_requests 
tests/integration/test_application_startup.py::TestApplicationStartup::test_form_parameter_mapping_via_http 
[gw0] [ 93%] PASSED tests/integration/test_application_startup.py::TestApplicationStartup::test_form_parameter_mapping_via_http 
tests/integration/test_application_startup.py::TestApplicationStartup::test_minimal_vs_normal_database_behavior 
[gw0] [100%] PASSED tests/integration/test_application_startup.py::TestApplicationStartup::test_minimal_vs_normal_database_behavior 

=============================== warnings summary ===============================
tests/integration/test_optimized_integration.py::test_server
  /home/kuitang/git/rss-reader-highlight/venv/lib/python3.11/site-packages/_pytest/python.py:161: PytestReturnNotNoneWarning: Test functions should return None, but tests/integration/test_optimized_integration.py::test_server returned <class 'contextlib._GeneratorContextManager'>.
  Did you mean to use `assert` instead of `return`?
  See https://docs.pytest.org/en/stable/how-to/assert.html#return-not-none for more information.
    warnings.warn(

-- Docs: https://docs.pytest.org/en/stable/how-to/capture-warnings.html
======================== 15 passed, 1 warning in 33.79s ========================

🌐 Running UI tests...
============================= test session starts ==============================
platform linux -- Python 3.11.2, pytest-8.4.2, pluggy-1.6.0 -- /home/kuitang/git/rss-reader-highlight/venv/bin/python
cachedir: .pytest_cache
rootdir: /home/kuitang/git/rss-reader-highlight
configfile: pytest.ini
plugins: anyio-4.10.0, asyncio-1.1.0, httpx-0.35.0, xdist-3.8.0
asyncio: mode=Mode.AUTO, asyncio_default_fixture_loop_scope=None, asyncio_default_test_loop_scope=function
created: 8/8 workers
8 workers [95 items]

scheduling tests via LoadFileScheduling

tests/ui/test_comprehensive_regression.py::TestComprehensiveRegression::test_desktop_comprehensive_workflow 
tests/ui/test_mobile_url_navigation.py::TestMobileNavigationComplete::test_scroll_position_preservation_critical 
tests/ui/test_critical_ui_flows.py::TestFormParameterBugFlow::test_feed_url_form_submission_complete_flow 
tests/ui/test_mobile_flows.py::TestMobileFlows::test_mobile_post_navigation_htmx 
tests/ui/test_spacing_validation.py::TestSpacingValidation::test_perfect_tab_layout_mobile 
tests/ui/test_refactoring_regression.py::TestRefactoringRegression::test_desktop_repetitive_workflow 
tests/ui/test_chrome_responsive.py::TestUnifiedChromeResponsive::test_chrome_responsive_behavior 
tests/ui/test_add_feed_flows.py::TestAddFeedFlows::test_add_feed_complete_flow 
[gw3] [  1%] SKIPPED tests/ui/test_add_feed_flows.py::TestAddFeedFlows::test_add_feed_complete_flow 
tests/ui/test_add_feed_flows.py::TestAddFeedFlows::test_feed_navigation_after_add 
[gw3] [  2%] SKIPPED tests/ui/test_add_feed_flows.py::TestAddFeedFlows::test_feed_navigation_after_add 
tests/ui/test_add_feed_flows.py::TestAddFeedFlows::test_duplicate_feed_handling 
[gw3] [  3%] SKIPPED tests/ui/test_add_feed_flows.py::TestAddFeedFlows::test_duplicate_feed_handling 
tests/ui/test_add_feed_flows.py::TestAddFeedFlows::test_invalid_url_handling 
[gw3] [  4%] SKIPPED tests/ui/test_add_feed_flows.py::TestAddFeedFlows::test_invalid_url_handling 
tests/ui/test_add_feed_flows.py::TestAddFeedFlows::test_empty_form_submission 
[gw3] [  5%] SKIPPED tests/ui/test_add_feed_flows.py::TestAddFeedFlows::test_empty_form_submission 
tests/ui/test_regression_fixes.py::TestRegressionFixes::test_header_persistence_on_feed_click 
[gw4] [  6%] FAILED tests/ui/test_chrome_responsive.py::TestUnifiedChromeResponsive::test_chrome_responsive_behavior 
tests/ui/test_chrome_responsive.py::TestUnifiedChromeResponsive::test_chrome_transitions_smoothly 
[gw6] [  7%] FAILED tests/ui/test_refactoring_regression.py::TestRefactoringRegression::test_desktop_repetitive_workflow 
tests/ui/test_refactoring_regression.py::TestRefactoringRegression::test_mobile_repetitive_workflow 
[gw3] [  8%] FAILED tests/ui/test_regression_fixes.py::TestRegressionFixes::test_header_persistence_on_feed_click 
tests/ui/test_regression_fixes.py::TestRegressionFixes::test_unread_parameter_preservation 
[gw7] [  9%] PASSED tests/ui/test_mobile_url_navigation.py::TestMobileNavigationComplete::test_scroll_position_preservation_critical 
tests/ui/test_mobile_url_navigation.py::TestMobileNavigationComplete::test_chevron_hamburger_button_toggle 
[gw0] [ 10%] PASSED tests/ui/test_critical_ui_flows.py::TestFormParameterBugFlow::test_feed_url_form_submission_complete_flow 
tests/ui/test_critical_ui_flows.py::TestFormParameterBugFlow::test_feed_url_form_submission_mobile_flow 
[gw0] [ 11%] SKIPPED tests/ui/test_critical_ui_flows.py::TestFormParameterBugFlow::test_feed_url_form_submission_mobile_flow 
tests/ui/test_critical_ui_flows.py::TestFormParameterBugFlow::test_mobile_sidebar_auto_close_on_feed_click 
[gw5] [ 12%] PASSED tests/ui/test_spacing_validation.py::TestSpacingValidation::test_perfect_tab_layout_mobile 
tests/ui/test_spacing_validation.py::TestSpacingValidation::test_tab_buttons_no_grey_border 
[gw5] [ 13%] PASSED tests/ui/test_spacing_validation.py::TestSpacingValidation::test_tab_buttons_no_grey_border 
tests/ui/test_spacing_validation.py::TestSpacingValidation::test_first_item_top_spacing 
[gw3] [ 14%] PASSED tests/ui/test_regression_fixes.py::TestRegressionFixes::test_unread_parameter_preservation 
tests/ui/test_regression_fixes.py::TestRegressionFixes::test_mobile_sidebar_opacity 
[gw5] [ 15%] PASSED tests/ui/test_spacing_validation.py::TestSpacingValidation::test_first_item_top_spacing 
tests/ui/test_spacing_validation.py::TestSpacingValidation::test_action_buttons_horizontal_padding 
[gw5] [ 16%] PASSED tests/ui/test_spacing_validation.py::TestSpacingValidation::test_action_buttons_horizontal_padding 
tests/ui/test_spacing_validation.py::TestSpacingValidation::test_spacing_consistency_mobile 
[gw5] [ 17%] PASSED tests/ui/test_spacing_validation.py::TestSpacingValidation::test_spacing_consistency_mobile 
tests/ui/test_fresh_tab_state.py::TestFreshTabStatePreservation::test_mobile_fresh_tab_with_full_state 
[gw1] [ 18%] FAILED tests/ui/test_comprehensive_regression.py::TestComprehensiveRegression::test_desktop_comprehensive_workflow 
tests/ui/test_comprehensive_regression.py::TestComprehensiveRegression::test_mobile_comprehensive_workflow 
[gw2] [ 20%] FAILED tests/ui/test_mobile_flows.py::TestMobileFlows::test_mobile_post_navigation_htmx 
tests/ui/test_mobile_flows.py::TestMobileFlows::test_mobile_feed_filter_preserved 
[gw3] [ 21%] PASSED tests/ui/test_regression_fixes.py::TestRegressionFixes::test_mobile_sidebar_opacity 
tests/ui/test_regression_fixes.py::TestRegressionFixes::test_mobile_sidebar_opacity_dark_mode 
[gw0] [ 22%] PASSED tests/ui/test_critical_ui_flows.py::TestFormParameterBugFlow::test_mobile_sidebar_auto_close_on_feed_click 
tests/ui/test_critical_ui_flows.py::TestFormParameterBugFlow::test_desktop_feed_filtering_full_page_update 
[gw7] [ 23%] FAILED tests/ui/test_mobile_url_navigation.py::TestMobileNavigationComplete::test_chevron_hamburger_button_toggle 
tests/ui/test_mobile_url_navigation.py::TestMobileNavigationComplete::test_mobile_header_regression_fix 
[gw4] [ 24%] FAILED tests/ui/test_chrome_responsive.py::TestUnifiedChromeResponsive::test_chrome_transitions_smoothly 
tests/ui/test_chrome_responsive.py::TestUnifiedChromeResponsive::test_chrome_action_buttons_consistent 
[gw6] [ 25%] FAILED tests/ui/test_refactoring_regression.py::TestRefactoringRegression::test_mobile_repetitive_workflow 
tests/ui/test_refactoring_regression.py::TestRefactoringRegression::test_htmx_request_monitoring 
[gw2] [ 26%] FAILED tests/ui/test_mobile_flows.py::TestMobileFlows::test_mobile_feed_filter_preserved 
tests/ui/test_mobile_flows.py::TestMobileFlows::test_mobile_persistent_header_visibility 
[gw3] [ 27%] PASSED tests/ui/test_regression_fixes.py::TestRegressionFixes::test_mobile_sidebar_opacity_dark_mode 
tests/ui/test_working_regression.py::TestWorkingRegression::test_basic_functionality_flow 
[gw1] [ 28%] FAILED tests/ui/test_comprehensive_regression.py::TestComprehensiveRegression::test_mobile_comprehensive_workflow 
tests/ui/test_comprehensive_regression.py::TestComprehensiveRegression::test_responsive_layout_switching 
[gw0] [ 29%] PASSED tests/ui/test_critical_ui_flows.py::TestFormParameterBugFlow::test_desktop_feed_filtering_full_page_update 
tests/ui/test_critical_ui_flows.py::TestFormParameterBugFlow::test_duplicate_feed_detection_via_form 
[gw7] [ 30%] PASSED tests/ui/test_mobile_url_navigation.py::TestMobileNavigationComplete::test_mobile_header_regression_fix 
[gw6] [ 31%] FAILED tests/ui/test_refactoring_regression.py::TestRefactoringRegression::test_htmx_request_monitoring 
tests/ui/test_mobile_url_navigation.py::TestMobileNavigationComplete::test_all_posts_vs_unread_state_preservation 
[gw7] [ 32%] SKIPPED tests/ui/test_mobile_url_navigation.py::TestMobileNavigationComplete::test_all_posts_vs_unread_state_preservation 
tests/ui/test_refactoring_regression.py::TestRefactoringRegression::test_read_unread_state_management 
[gw5] [ 33%] PASSED tests/ui/test_fresh_tab_state.py::TestFreshTabStatePreservation::test_mobile_fresh_tab_with_full_state 
tests/ui/test_fresh_tab_state.py::TestFreshTabStatePreservation::test_desktop_fresh_tab_with_full_state 
tests/ui/test_header_visibility.py::TestHeaderButtonVisibilityRules::test_header_button_visibility_rules 
[gw1] [ 34%] PASSED tests/ui/test_comprehensive_regression.py::TestComprehensiveRegression::test_responsive_layout_switching 
tests/ui/test_comprehensive_regression.py::TestComprehensiveRegression::test_htmx_state_management 
[gw2] [ 35%] FAILED tests/ui/test_mobile_flows.py::TestMobileFlows::test_mobile_persistent_header_visibility 
tests/ui/test_mobile_flows.py::TestMobileFlows::test_mobile_search_form_functionality 
[gw0] [ 36%] PASSED tests/ui/test_critical_ui_flows.py::TestFormParameterBugFlow::test_duplicate_feed_detection_via_form 
tests/ui/test_critical_ui_flows.py::TestBBCRedirectHandlingFlow::test_bbc_feed_addition_with_redirects 
[gw0] [ 37%] SKIPPED tests/ui/test_critical_ui_flows.py::TestBBCRedirectHandlingFlow::test_bbc_feed_addition_with_redirects 
tests/ui/test_critical_ui_flows.py::TestButtonStateUpdates::test_button_state_toggles_with_oob_update 
[gw1] [ 38%] FAILED tests/ui/test_comprehensive_regression.py::TestComprehensiveRegression::test_htmx_state_management 
[gw6] [ 40%] PASSED tests/ui/test_refactoring_regression.py::TestRefactoringRegression::test_read_unread_state_management 
tests/ui/test_comprehensive_regression.py::TestComprehensiveRegression::test_rapid_interaction_stability 
tests/ui/test_text_wrapping.py::TestTextWrapping::test_comprehensive_ui_fixes 
[gw4] [ 41%] FAILED tests/ui/test_chrome_responsive.py::TestUnifiedChromeResponsive::test_chrome_action_buttons_consistent 
tests/ui/test_chrome_responsive.py::TestUnifiedChromeResponsive::test_feed_name_changes_both_views 
[gw5] [ 42%] PASSED tests/ui/test_fresh_tab_state.py::TestFreshTabStatePreservation::test_desktop_fresh_tab_with_full_state 
tests/ui/test_fresh_tab_state.py::TestFreshTabStatePreservation::test_copy_url_preserves_all_state 
[gw6] [ 43%] PASSED tests/ui/test_text_wrapping.py::TestTextWrapping::test_comprehensive_ui_fixes 
tests/ui/test_text_wrapping.py::TestTextWrapping::test_css_rules_applied 
[gw6] [ 44%] FAILED tests/ui/test_text_wrapping.py::TestTextWrapping::test_css_rules_applied 
tests/ui/test_text_wrapping.py::TestTextWrapping::test_monsterui_components_used 
[gw6] [ 45%] PASSED tests/ui/test_text_wrapping.py::TestTextWrapping::test_monsterui_components_used 
tests/ui/test_mobile_sidebar_isolated.py::TestMobileSidebarIsolated::test_mobile_sidebar_and_navigation_flow 
[gw0] [ 46%] PASSED tests/ui/test_critical_ui_flows.py::TestButtonStateUpdates::test_button_state_toggles_with_oob_update 
tests/ui/test_critical_ui_flows.py::TestBlueIndicatorHTMXFlow::test_blue_indicator_disappears_on_article_click 
[gw4] [ 47%] FAILED tests/ui/test_chrome_responsive.py::TestUnifiedChromeResponsive::test_feed_name_changes_both_views 
tests/ui/test_chrome_responsive.py::TestUnifiedChromeResponsive::test_search_functionality_both_views 
[gw7] [ 48%] PASSED tests/ui/test_header_visibility.py::TestHeaderButtonVisibilityRules::test_header_button_visibility_rules 
tests/ui/test_header_visibility.py::TestLayoutAndResponsiveness::test_header_positioning_in_summary_section 
[gw2] [ 49%] FAILED tests/ui/test_mobile_flows.py::TestMobileFlows::test_mobile_search_form_functionality 
tests/ui/test_mobile_flows.py::TestMobileFlows::test_mobile_viewport_fixed_behavior 
[gw5] [ 50%] FAILED tests/ui/test_fresh_tab_state.py::TestFreshTabStatePreservation::test_copy_url_preserves_all_state 
tests/ui/test_add_feed_edge_cases.py::test_add_feed_edge_cases 
[gw7] [ 51%] PASSED tests/ui/test_header_visibility.py::TestLayoutAndResponsiveness::test_header_positioning_in_summary_section 
tests/ui/test_header_visibility.py::TestLayoutAndResponsiveness::test_header_width_constraint_on_desktop 
[gw2] [ 52%] FAILED tests/ui/test_mobile_flows.py::TestMobileFlows::test_mobile_viewport_fixed_behavior 
tests/ui/test_mobile_flows.py::TestMobileFlows::test_mobile_content_scrolling 
[gw6] [ 53%] FAILED tests/ui/test_mobile_sidebar_isolated.py::TestMobileSidebarIsolated::test_mobile_sidebar_and_navigation_flow 
tests/ui/test_mobile_tab_regression.py::test_mobile_tab_active_style_updates 
[gw1] [ 54%] PASSED tests/ui/test_comprehensive_regression.py::TestComprehensiveRegression::test_rapid_interaction_stability 
tests/ui/test_comprehensive_regression.py::TestComprehensiveRegression::test_feed_content_and_pagination 
[gw0] [ 55%] PASSED tests/ui/test_critical_ui_flows.py::TestBlueIndicatorHTMXFlow::test_blue_indicator_disappears_on_article_click 
tests/ui/test_critical_ui_flows.py::TestBlueIndicatorHTMXFlow::test_unread_view_article_behavior 
[gw2] [ 56%] PASSED tests/ui/test_mobile_flows.py::TestMobileFlows::test_mobile_content_scrolling 
tests/ui/test_mobile_flows.py::TestMobileFlows::test_mobile_sidebar_scrolling 
[gw7] [ 57%] FAILED tests/ui/test_header_visibility.py::TestLayoutAndResponsiveness::test_header_width_constraint_on_desktop 
[gw4] [ 58%] FAILED tests/ui/test_chrome_responsive.py::TestUnifiedChromeResponsive::test_search_functionality_both_views 
[gw0] [ 60%] PASSED tests/ui/test_critical_ui_flows.py::TestBlueIndicatorHTMXFlow::test_unread_view_article_behavior 